2025-08-19 11:46:38.495 DEBUG Horse: створення Horse, ім'я name, швидкість 20.0
2025-08-19 11:50:31.988 DEBUG Horse: створення Horse, ім'я name, швидкість 20.0
2025-08-19 11:50:32.034 DEBUG Horse: створення Horse, ім'я name, швидкість 20.0
2025-08-19 11:50:32.043 DEBUG Horse: створення Horse, ім'я name, швидкість 20.0
2025-08-19 11:50:32.046 DEBUG Horse: створення Horse, ім'я name, швидкість 20.0
2025-08-19 11:50:32.049 DEBUG Horse: створення Horse, ім'я name, швидкість 20.0
2025-08-19 11:50:32.154 ERROR Horse: Name is null
2025-08-19 11:50:32.168 ERROR Horse: Name is blank
2025-08-19 11:50:32.173 ERROR Horse: Name is blank
2025-08-19 11:50:32.176 ERROR Horse: Name is blank
2025-08-19 11:50:32.180 ERROR Horse: Speed is negative
2025-08-19 11:50:32.183 ERROR Horse: Distance is negative
2025-08-19 11:51:32.962 DEBUG Horse: створення Horse, ім'я horse_1, швидкість 20.1
2025-08-19 11:51:32.964 DEBUG Horse: створення Horse, ім'я horse_2, швидкість 20.2
2025-08-19 11:51:32.965 DEBUG Horse: створення Horse, ім'я horse_3, швидкість 20.3
2025-08-19 11:51:32.965 DEBUG Horse: створення Horse, ім'я horse_4, швидкість 20.4
2025-08-19 11:51:32.965 DEBUG Horse: створення Horse, ім'я horse_5, швидкість 20.5
2025-08-19 11:51:32.965 DEBUG Horse: створення Horse, ім'я horse_6, швидкість 20.6
2025-08-19 11:51:32.965 DEBUG Horse: створення Horse, ім'я horse_7, швидкість 20.7
2025-08-19 11:51:32.966 DEBUG Horse: створення Horse, ім'я horse_8, швидкість 20.8
2025-08-19 11:51:32.966 DEBUG Horse: створення Horse, ім'я horse_9, швидкість 20.9
2025-08-19 11:51:32.966 DEBUG Horse: створення Horse, ім'я horse_10, швидкість 21.0
2025-08-19 11:51:32.966 DEBUG Horse: створення Horse, ім'я horse_11, швидкість 21.1
2025-08-19 11:51:32.966 DEBUG Horse: створення Horse, ім'я horse_12, швидкість 21.2
2025-08-19 11:51:32.967 DEBUG Horse: створення Horse, ім'я horse_13, швидкість 21.3
2025-08-19 11:51:32.967 DEBUG Horse: створення Horse, ім'я horse_14, швидкість 21.4
2025-08-19 11:51:32.967 DEBUG Horse: створення Horse, ім'я horse_15, швидкість 21.5
2025-08-19 11:51:32.967 DEBUG Horse: створення Horse, ім'я horse_16, швидкість 21.6
2025-08-19 11:51:32.967 DEBUG Horse: створення Horse, ім'я horse_17, швидкість 21.7
2025-08-19 11:51:32.968 DEBUG Horse: створення Horse, ім'я horse_18, швидкість 21.8
2025-08-19 11:51:32.968 DEBUG Horse: створення Horse, ім'я horse_19, швидкість 21.9
2025-08-19 11:51:32.968 DEBUG Horse: створення Horse, ім'я horse_20, швидкість 22.0
2025-08-19 11:51:32.968 DEBUG Horse: створення Horse, ім'я horse_21, швидкість 22.1
2025-08-19 11:51:32.968 DEBUG Horse: створення Horse, ім'я horse_22, швидкість 22.2
2025-08-19 11:51:32.968 DEBUG Horse: створення Horse, ім'я horse_23, швидкість 22.3
2025-08-19 11:51:32.969 DEBUG Horse: створення Horse, ім'я horse_24, швидкість 22.4
2025-08-19 11:51:32.969 DEBUG Horse: створення Horse, ім'я horse_25, швидкість 22.5
2025-08-19 11:51:32.969 DEBUG Horse: створення Horse, ім'я horse_26, швидкість 22.6
2025-08-19 11:51:32.969 DEBUG Horse: створення Horse, ім'я horse_27, швидкість 22.7
2025-08-19 11:51:32.969 DEBUG Horse: створення Horse, ім'я horse_28, швидкість 22.8
2025-08-19 11:51:32.969 DEBUG Horse: створення Horse, ім'я horse_29, швидкість 22.9
2025-08-19 11:51:32.969 DEBUG Horse: створення Horse, ім'я horse_30, швидкість 23.0
2025-08-19 11:51:32.969 DEBUG Horse: створення Horse, ім'я horse_31, швидкість 23.1
2025-08-19 11:51:32.969 DEBUG Horse: створення Horse, ім'я horse_32, швидкість 23.2
2025-08-19 11:51:32.970 DEBUG Horse: створення Horse, ім'я horse_33, швидкість 23.3
2025-08-19 11:51:32.970 DEBUG Horse: створення Horse, ім'я horse_34, швидкість 23.4
2025-08-19 11:51:32.970 DEBUG Horse: створення Horse, ім'я horse_35, швидкість 23.5
2025-08-19 11:51:32.970 DEBUG Horse: створення Horse, ім'я horse_36, швидкість 23.6
2025-08-19 11:51:32.970 DEBUG Horse: створення Horse, ім'я horse_37, швидкість 23.7
2025-08-19 11:51:32.970 DEBUG Horse: створення Horse, ім'я horse_38, швидкість 23.8
2025-08-19 11:51:32.970 DEBUG Horse: створення Horse, ім'я horse_39, швидкість 23.9
2025-08-19 11:51:32.970 DEBUG Horse: створення Horse, ім'я horse_40, швидкість 24.0
2025-08-19 11:51:32.970 DEBUG Horse: створення Horse, ім'я horse_41, швидкість 24.1
2025-08-19 11:51:32.970 DEBUG Horse: створення Horse, ім'я horse_42, швидкість 24.2
2025-08-19 11:51:32.971 DEBUG Horse: створення Horse, ім'я horse_43, швидкість 24.3
2025-08-19 11:51:32.972 DEBUG Horse: створення Horse, ім'я horse_44, швидкість 24.4
2025-08-19 11:51:32.972 DEBUG Horse: створення Horse, ім'я horse_45, швидкість 24.5
2025-08-19 11:51:32.972 DEBUG Horse: створення Horse, ім'я horse_46, швидкість 24.6
2025-08-19 11:51:32.973 DEBUG Horse: створення Horse, ім'я horse_47, швидкість 24.7
2025-08-19 11:51:32.973 DEBUG Horse: створення Horse, ім'я horse_48, швидкість 24.8
2025-08-19 11:51:32.973 DEBUG Horse: створення Horse, ім'я horse_49, швидкість 24.9
2025-08-19 11:51:32.973 DEBUG Horse: створення Horse, ім'я horse_50, швидкість 25.0
2025-08-19 11:51:32.973 DEBUG Hippodrome: створення Hippodrome, коней 50
2025-08-19 11:51:33.082 ERROR Hippodrome: Horses list is null
2025-08-19 11:51:33.093 ERROR Hippodrome: Horses list is empty
2025-08-19 11:51:33.096 DEBUG Horse: створення Horse, ім'я horse_1, швидкість 20.0
2025-08-19 11:51:33.096 DEBUG Horse: створення Horse, ім'я horse_1, швидкість 20.0
2025-08-19 11:51:33.097 DEBUG Horse: створення Horse, ім'я horse_1, швидкість 20.0
2025-08-19 11:51:33.097 DEBUG Hippodrome: створення Hippodrome, коней 3
2025-08-19 11:51:34.044 DEBUG Horse: створення Horse, ім'я name, швидкість 20.0
2025-08-19 11:51:34.064 DEBUG Horse: створення Horse, ім'я name, швидкість 20.0
2025-08-19 11:51:34.068 DEBUG Horse: створення Horse, ім'я name, швидкість 20.0
2025-08-19 11:51:34.070 DEBUG Horse: створення Horse, ім'я name, швидкість 20.0
2025-08-19 11:51:34.072 DEBUG Horse: створення Horse, ім'я name, швидкість 20.0
2025-08-19 11:51:34.086 ERROR Horse: Name is null
2025-08-19 11:51:34.088 ERROR Horse: Name is blank
2025-08-19 11:51:34.090 ERROR Horse: Name is blank
2025-08-19 11:51:34.092 ERROR Horse: Name is blank
2025-08-19 11:51:34.095 ERROR Horse: Speed is negative
2025-08-19 11:51:34.098 ERROR Horse: Distance is negative
2025-08-19 15:24:37.600 DEBUG Horse: створення Horse, ім'я name, швидкість 2.5
2025-08-19 15:24:38.304 DEBUG Horse: створення Horse, ім'я name, швидкість 2.5
2025-08-19 15:24:38.313 DEBUG Horse: створення Horse, ім'я name, швидкість 2.5
2025-08-19 15:24:38.320 DEBUG Horse: створення Horse, ім'я name, швидкість 2.5
2025-08-19 15:24:38.325 DEBUG Horse: створення Horse, ім'я name, швидкість 2.5
2025-08-19 15:29:58.111 DEBUG Horse: створення Horse, ім'я name, швидкість 2.5
2025-08-19 15:29:58.775 DEBUG Horse: створення Horse, ім'я name, швидкість 2.5
2025-08-19 15:29:58.781 DEBUG Horse: створення Horse, ім'я name, швидкість 2.5
2025-08-19 15:29:58.786 DEBUG Horse: створення Horse, ім'я name, швидкість 2.5
2025-08-19 15:29:58.791 DEBUG Horse: створення Horse, ім'я name, швидкість 2.5
2025-08-19 15:31:18.311 DEBUG Horse: створення Horse, ім'я name, швидкість 2.5
2025-08-19 15:31:19.127 DEBUG Horse: створення Horse, ім'я name, швидкість 2.5
2025-08-19 15:31:19.142 DEBUG Horse: створення Horse, ім'я name, швидкість 2.5
2025-08-19 15:31:19.151 DEBUG Horse: створення Horse, ім'я name, швидкість 2.5
2025-08-19 15:31:19.156 DEBUG Horse: створення Horse, ім'я name, швидкість 2.5
2025-08-19 15:32:33.906 DEBUG Horse: створення Horse, ім'я name, швидкість 2.5
2025-08-19 15:32:34.624 DEBUG Horse: створення Horse, ім'я name, швидкість 2.5
2025-08-19 15:32:34.630 DEBUG Horse: створення Horse, ім'я name, швидкість 2.5
2025-08-19 15:32:34.634 DEBUG Horse: створення Horse, ім'я name, швидкість 2.5
2025-08-19 15:32:34.638 DEBUG Horse: створення Horse, ім'я name, швидкість 2.5
2025-08-19 15:38:11.710 DEBUG Horse: створення Horse, ім'я name, швидкість 2.5
2025-08-19 15:38:12.445 DEBUG Horse: створення Horse, ім'я name, швидкість 2.5
2025-08-19 15:38:12.452 DEBUG Horse: створення Horse, ім'я name, швидкість 2.5
2025-08-19 15:38:12.457 DEBUG Horse: створення Horse, ім'я name, швидкість 2.5
2025-08-19 15:38:12.461 DEBUG Horse: створення Horse, ім'я name, швидкість 2.5
2025-08-19 17:06:11.198 DEBUG Hippodrome: створення Hippodrome, коней 50
2025-08-19 17:07:19.221 DEBUG Hippodrome: створення Hippodrome, коней 50
2025-08-19 17:08:45.779 DEBUG Hippodrome: створення Hippodrome, коней 50
2025-08-19 17:10:32.188 DEBUG Hippodrome: створення Hippodrome, коней 50
2025-08-19 17:12:18.686 DEBUG Horse: створення Horse, ім'я name, швидкість 12.0
2025-08-19 17:18:33.442 DEBUG Horse: створення Horse, ім'я name, швидкість 20.0
2025-08-19 17:18:33.484 DEBUG Horse: створення Horse, ім'я name, швидкість 20.0
2025-08-19 17:18:33.496 DEBUG Horse: створення Horse, ім'я name, швидкість 20.0
2025-08-19 17:18:33.499 DEBUG Horse: створення Horse, ім'я name, швидкість 20.0
2025-08-19 17:18:33.506 DEBUG Horse: створення Horse, ім'я name, швидкість 20.0
2025-08-19 17:18:33.585 ERROR Horse: Name is null
2025-08-19 17:18:33.601 ERROR Horse: Name is blank
2025-08-19 17:18:33.605 ERROR Horse: Name is blank
2025-08-19 17:18:33.607 ERROR Horse: Name is blank
2025-08-19 17:18:33.610 ERROR Horse: Speed is negative
2025-08-19 17:18:33.614 ERROR Horse: Distance is negative
2025-08-19 17:18:33.629 DEBUG Horse: створення Horse, ім'я name, швидкість 2.5
2025-08-19 17:18:33.642 DEBUG Horse: створення Horse, ім'я name, швидкість 2.5
2025-08-19 17:18:33.649 DEBUG Horse: створення Horse, ім'я name, швидкість 2.5
2025-08-19 17:18:33.653 DEBUG Horse: створення Horse, ім'я name, швидкість 2.5
2025-08-19 17:18:33.658 DEBUG Horse: створення Horse, ім'я name, швидкість 2.5
2025-08-19 17:20:20.333 DEBUG Hippodrome: створення Hippodrome, коней 50
2025-08-19 17:37:23.674 DEBUG Horse: створення Horse, ім'я horse_1, швидкість 20.1
2025-08-19 17:37:23.678 DEBUG Horse: створення Horse, ім'я horse_2, швидкість 20.2
2025-08-19 17:37:23.679 DEBUG Horse: створення Horse, ім'я horse_3, швидкість 20.3
2025-08-19 17:37:23.680 DEBUG Horse: створення Horse, ім'я horse_4, швидкість 20.4
2025-08-19 17:37:23.680 DEBUG Horse: створення Horse, ім'я horse_5, швидкість 20.5
2025-08-19 17:37:23.680 DEBUG Horse: створення Horse, ім'я horse_6, швидкість 20.6
2025-08-19 17:37:23.680 DEBUG Horse: створення Horse, ім'я horse_7, швидкість 20.7
2025-08-19 17:37:23.680 DEBUG Horse: створення Horse, ім'я horse_8, швидкість 20.8
2025-08-19 17:37:23.680 DEBUG Horse: створення Horse, ім'я horse_9, швидкість 20.9
2025-08-19 17:37:23.681 DEBUG Horse: створення Horse, ім'я horse_10, швидкість 21.0
2025-08-19 17:37:23.681 DEBUG Horse: створення Horse, ім'я horse_11, швидкість 21.1
2025-08-19 17:37:23.681 DEBUG Horse: створення Horse, ім'я horse_12, швидкість 21.2
2025-08-19 17:37:23.681 DEBUG Horse: створення Horse, ім'я horse_13, швидкість 21.3
2025-08-19 17:37:23.681 DEBUG Horse: створення Horse, ім'я horse_14, швидкість 21.4
2025-08-19 17:37:23.681 DEBUG Horse: створення Horse, ім'я horse_15, швидкість 21.5
2025-08-19 17:37:23.681 DEBUG Horse: створення Horse, ім'я horse_16, швидкість 21.6
2025-08-19 17:37:23.681 DEBUG Horse: створення Horse, ім'я horse_17, швидкість 21.7
2025-08-19 17:37:23.681 DEBUG Horse: створення Horse, ім'я horse_18, швидкість 21.8
2025-08-19 17:37:23.681 DEBUG Horse: створення Horse, ім'я horse_19, швидкість 21.9
2025-08-19 17:37:23.682 DEBUG Horse: створення Horse, ім'я horse_20, швидкість 22.0
2025-08-19 17:37:23.682 DEBUG Horse: створення Horse, ім'я horse_21, швидкість 22.1
2025-08-19 17:37:23.682 DEBUG Horse: створення Horse, ім'я horse_22, швидкість 22.2
2025-08-19 17:37:23.682 DEBUG Horse: створення Horse, ім'я horse_23, швидкість 22.3
2025-08-19 17:37:23.682 DEBUG Horse: створення Horse, ім'я horse_24, швидкість 22.4
2025-08-19 17:37:23.682 DEBUG Horse: створення Horse, ім'я horse_25, швидкість 22.5
2025-08-19 17:37:23.682 DEBUG Horse: створення Horse, ім'я horse_26, швидкість 22.6
2025-08-19 17:37:23.683 DEBUG Horse: створення Horse, ім'я horse_27, швидкість 22.7
2025-08-19 17:37:23.683 DEBUG Horse: створення Horse, ім'я horse_28, швидкість 22.8
2025-08-19 17:37:23.683 DEBUG Horse: створення Horse, ім'я horse_29, швидкість 22.9
2025-08-19 17:37:23.683 DEBUG Horse: створення Horse, ім'я horse_30, швидкість 23.0
2025-08-19 17:37:23.683 DEBUG Hippodrome: створення Hippodrome, коней 30
2025-08-19 17:37:23.779 ERROR Hippodrome: Horses list is null
2025-08-19 17:37:23.795 ERROR Hippodrome: Horses list is empty
2025-08-19 17:37:23.807 DEBUG Horse: створення Horse, ім'я horse_1, швидкість 20.0
2025-08-19 17:37:23.807 DEBUG Horse: створення Horse, ім'я horse_1, швидкість 20.0
2025-08-19 17:37:23.807 DEBUG Horse: створення Horse, ім'я horse_1, швидкість 20.0
2025-08-19 17:37:23.807 DEBUG Hippodrome: створення Hippodrome, коней 3
2025-08-19 17:37:45.725 DEBUG Horse: створення Horse, ім'я horse_1, швидкість 20.1
2025-08-19 17:37:45.727 DEBUG Horse: створення Horse, ім'я horse_2, швидкість 20.2
2025-08-19 17:37:45.727 DEBUG Horse: створення Horse, ім'я horse_3, швидкість 20.3
2025-08-19 17:37:45.728 DEBUG Horse: створення Horse, ім'я horse_4, швидкість 20.4
2025-08-19 17:37:45.728 DEBUG Horse: створення Horse, ім'я horse_5, швидкість 20.5
2025-08-19 17:37:45.728 DEBUG Horse: створення Horse, ім'я horse_6, швидкість 20.6
2025-08-19 17:37:45.728 DEBUG Horse: створення Horse, ім'я horse_7, швидкість 20.7
2025-08-19 17:37:45.728 DEBUG Horse: створення Horse, ім'я horse_8, швидкість 20.8
2025-08-19 17:37:45.728 DEBUG Horse: створення Horse, ім'я horse_9, швидкість 20.9
2025-08-19 17:37:45.728 DEBUG Horse: створення Horse, ім'я horse_10, швидкість 21.0
2025-08-19 17:37:45.728 DEBUG Horse: створення Horse, ім'я horse_11, швидкість 21.1
2025-08-19 17:37:45.728 DEBUG Horse: створення Horse, ім'я horse_12, швидкість 21.2
2025-08-19 17:37:45.729 DEBUG Horse: створення Horse, ім'я horse_13, швидкість 21.3
2025-08-19 17:37:45.729 DEBUG Horse: створення Horse, ім'я horse_14, швидкість 21.4
2025-08-19 17:37:45.729 DEBUG Horse: створення Horse, ім'я horse_15, швидкість 21.5
2025-08-19 17:37:45.729 DEBUG Horse: створення Horse, ім'я horse_16, швидкість 21.6
2025-08-19 17:37:45.729 DEBUG Horse: створення Horse, ім'я horse_17, швидкість 21.7
2025-08-19 17:37:45.729 DEBUG Horse: створення Horse, ім'я horse_18, швидкість 21.8
2025-08-19 17:37:45.729 DEBUG Horse: створення Horse, ім'я horse_19, швидкість 21.9
2025-08-19 17:37:45.729 DEBUG Horse: створення Horse, ім'я horse_20, швидкість 22.0
2025-08-19 17:37:45.729 DEBUG Horse: створення Horse, ім'я horse_21, швидкість 22.1
2025-08-19 17:37:45.729 DEBUG Horse: створення Horse, ім'я horse_22, швидкість 22.2
2025-08-19 17:37:45.729 DEBUG Horse: створення Horse, ім'я horse_23, швидкість 22.3
2025-08-19 17:37:45.729 DEBUG Horse: створення Horse, ім'я horse_24, швидкість 22.4
2025-08-19 17:37:45.730 DEBUG Horse: створення Horse, ім'я horse_25, швидкість 22.5
2025-08-19 17:37:45.730 DEBUG Horse: створення Horse, ім'я horse_26, швидкість 22.6
2025-08-19 17:37:45.730 DEBUG Horse: створення Horse, ім'я horse_27, швидкість 22.7
2025-08-19 17:37:45.730 DEBUG Horse: створення Horse, ім'я horse_28, швидкість 22.8
2025-08-19 17:37:45.730 DEBUG Horse: створення Horse, ім'я horse_29, швидкість 22.9
2025-08-19 17:37:45.730 DEBUG Horse: створення Horse, ім'я horse_30, швидкість 23.0
2025-08-19 17:37:45.730 DEBUG Hippodrome: створення Hippodrome, коней 30
2025-08-19 17:37:45.814 ERROR Hippodrome: Horses list is null
2025-08-19 17:37:45.830 ERROR Hippodrome: Horses list is empty
2025-08-19 17:37:47.001 DEBUG Horse: створення Horse, ім'я horse_1, швидкість 20.0
2025-08-19 17:37:47.002 DEBUG Horse: створення Horse, ім'я horse_1, швидкість 20.0
2025-08-19 17:37:47.002 DEBUG Horse: створення Horse, ім'я horse_1, швидкість 20.0
2025-08-19 17:37:47.003 DEBUG Hippodrome: створення Hippodrome, коней 3
2025-08-19 17:41:14.431 DEBUG Hippodrome: створення Hippodrome, коней 50
2025-08-19 17:41:28.129 DEBUG Horse: створення Horse, ім'я horse_1, швидкість 20.1
2025-08-19 17:41:28.134 DEBUG Horse: створення Horse, ім'я horse_2, швидкість 20.2
2025-08-19 17:41:28.134 DEBUG Horse: створення Horse, ім'я horse_3, швидкість 20.3
2025-08-19 17:41:28.134 DEBUG Horse: створення Horse, ім'я horse_4, швидкість 20.4
2025-08-19 17:41:28.135 DEBUG Horse: створення Horse, ім'я horse_5, швидкість 20.5
2025-08-19 17:41:28.135 DEBUG Horse: створення Horse, ім'я horse_6, швидкість 20.6
2025-08-19 17:41:28.135 DEBUG Horse: створення Horse, ім'я horse_7, швидкість 20.7
2025-08-19 17:41:28.135 DEBUG Horse: створення Horse, ім'я horse_8, швидкість 20.8
2025-08-19 17:41:28.135 DEBUG Horse: створення Horse, ім'я horse_9, швидкість 20.9
2025-08-19 17:41:28.135 DEBUG Horse: створення Horse, ім'я horse_10, швидкість 21.0
2025-08-19 17:41:28.135 DEBUG Horse: створення Horse, ім'я horse_11, швидкість 21.1
2025-08-19 17:41:28.136 DEBUG Horse: створення Horse, ім'я horse_12, швидкість 21.2
2025-08-19 17:41:28.136 DEBUG Horse: створення Horse, ім'я horse_13, швидкість 21.3
2025-08-19 17:41:28.136 DEBUG Horse: створення Horse, ім'я horse_14, швидкість 21.4
2025-08-19 17:41:28.136 DEBUG Horse: створення Horse, ім'я horse_15, швидкість 21.5
2025-08-19 17:41:28.136 DEBUG Horse: створення Horse, ім'я horse_16, швидкість 21.6
2025-08-19 17:41:28.136 DEBUG Horse: створення Horse, ім'я horse_17, швидкість 21.7
2025-08-19 17:41:28.136 DEBUG Horse: створення Horse, ім'я horse_18, швидкість 21.8
2025-08-19 17:41:28.137 DEBUG Horse: створення Horse, ім'я horse_19, швидкість 21.9
2025-08-19 17:41:28.137 DEBUG Horse: створення Horse, ім'я horse_20, швидкість 22.0
2025-08-19 17:41:28.137 DEBUG Horse: створення Horse, ім'я horse_21, швидкість 22.1
2025-08-19 17:41:28.137 DEBUG Horse: створення Horse, ім'я horse_22, швидкість 22.2
2025-08-19 17:41:28.137 DEBUG Horse: створення Horse, ім'я horse_23, швидкість 22.3
2025-08-19 17:41:28.137 DEBUG Horse: створення Horse, ім'я horse_24, швидкість 22.4
2025-08-19 17:41:28.137 DEBUG Horse: створення Horse, ім'я horse_25, швидкість 22.5
2025-08-19 17:41:28.137 DEBUG Horse: створення Horse, ім'я horse_26, швидкість 22.6
2025-08-19 17:41:28.137 DEBUG Horse: створення Horse, ім'я horse_27, швидкість 22.7
2025-08-19 17:41:28.137 DEBUG Horse: створення Horse, ім'я horse_28, швидкість 22.8
2025-08-19 17:41:28.137 DEBUG Horse: створення Horse, ім'я horse_29, швидкість 22.9
2025-08-19 17:41:28.137 DEBUG Horse: створення Horse, ім'я horse_30, швидкість 23.0
2025-08-19 17:41:28.138 DEBUG Hippodrome: створення Hippodrome, коней 30
2025-08-19 17:41:28.191 ERROR Hippodrome: Horses list is null
2025-08-19 17:41:28.202 ERROR Hippodrome: Horses list is empty
2025-08-19 17:41:29.449 DEBUG Hippodrome: створення Hippodrome, коней 50
2025-08-19 17:41:29.555 DEBUG Horse: створення Horse, ім'я horse_1, швидкість 20.0
2025-08-19 17:41:29.555 DEBUG Horse: створення Horse, ім'я horse_1, швидкість 20.0
2025-08-19 17:41:29.555 DEBUG Horse: створення Horse, ім'я horse_1, швидкість 20.0
2025-08-19 17:41:29.556 DEBUG Hippodrome: створення Hippodrome, коней 3
2025-08-19 17:42:32.392 DEBUG Horse: створення Horse, ім'я horse_1, швидкість 20.1
2025-08-19 17:42:32.394 DEBUG Horse: створення Horse, ім'я horse_2, швидкість 20.2
2025-08-19 17:42:32.394 DEBUG Horse: створення Horse, ім'я horse_3, швидкість 20.3
2025-08-19 17:42:32.395 DEBUG Horse: створення Horse, ім'я horse_4, швидкість 20.4
2025-08-19 17:42:32.395 DEBUG Horse: створення Horse, ім'я horse_5, швидкість 20.5
2025-08-19 17:42:32.395 DEBUG Horse: створення Horse, ім'я horse_6, швидкість 20.6
2025-08-19 17:42:32.395 DEBUG Horse: створення Horse, ім'я horse_7, швидкість 20.7
2025-08-19 17:42:32.395 DEBUG Horse: створення Horse, ім'я horse_8, швидкість 20.8
2025-08-19 17:42:32.396 DEBUG Horse: створення Horse, ім'я horse_9, швидкість 20.9
2025-08-19 17:42:32.396 DEBUG Horse: створення Horse, ім'я horse_10, швидкість 21.0
2025-08-19 17:42:32.396 DEBUG Horse: створення Horse, ім'я horse_11, швидкість 21.1
2025-08-19 17:42:32.396 DEBUG Horse: створення Horse, ім'я horse_12, швидкість 21.2
2025-08-19 17:42:32.396 DEBUG Horse: створення Horse, ім'я horse_13, швидкість 21.3
2025-08-19 17:42:32.396 DEBUG Horse: створення Horse, ім'я horse_14, швидкість 21.4
2025-08-19 17:42:32.397 DEBUG Horse: створення Horse, ім'я horse_15, швидкість 21.5
2025-08-19 17:42:32.397 DEBUG Horse: створення Horse, ім'я horse_16, швидкість 21.6
2025-08-19 17:42:32.397 DEBUG Horse: створення Horse, ім'я horse_17, швидкість 21.7
2025-08-19 17:42:32.397 DEBUG Horse: створення Horse, ім'я horse_18, швидкість 21.8
2025-08-19 17:42:32.397 DEBUG Horse: створення Horse, ім'я horse_19, швидкість 21.9
2025-08-19 17:42:32.397 DEBUG Horse: створення Horse, ім'я horse_20, швидкість 22.0
2025-08-19 17:42:32.397 DEBUG Horse: створення Horse, ім'я horse_21, швидкість 22.1
2025-08-19 17:42:32.398 DEBUG Horse: створення Horse, ім'я horse_22, швидкість 22.2
2025-08-19 17:42:32.398 DEBUG Horse: створення Horse, ім'я horse_23, швидкість 22.3
2025-08-19 17:42:32.398 DEBUG Horse: створення Horse, ім'я horse_24, швидкість 22.4
2025-08-19 17:42:32.398 DEBUG Horse: створення Horse, ім'я horse_25, швидкість 22.5
2025-08-19 17:42:32.398 DEBUG Horse: створення Horse, ім'я horse_26, швидкість 22.6
2025-08-19 17:42:32.398 DEBUG Horse: створення Horse, ім'я horse_27, швидкість 22.7
2025-08-19 17:42:32.398 DEBUG Horse: створення Horse, ім'я horse_28, швидкість 22.8
2025-08-19 17:42:32.398 DEBUG Horse: створення Horse, ім'я horse_29, швидкість 22.9
2025-08-19 17:42:32.398 DEBUG Horse: створення Horse, ім'я horse_30, швидкість 23.0
2025-08-19 17:42:32.399 DEBUG Hippodrome: створення Hippodrome, коней 30
2025-08-19 17:42:32.506 ERROR Hippodrome: Horses list is null
2025-08-19 17:42:32.517 ERROR Hippodrome: Horses list is empty
2025-08-19 17:42:33.713 DEBUG Hippodrome: створення Hippodrome, коней 50
2025-08-19 17:42:33.904 DEBUG Horse: створення Horse, ім'я horse_1, швидкість 20.0
2025-08-19 17:42:33.904 DEBUG Horse: створення Horse, ім'я horse_1, швидкість 20.0
2025-08-19 17:42:33.904 DEBUG Horse: створення Horse, ім'я horse_1, швидкість 20.0
2025-08-19 17:42:33.904 DEBUG Hippodrome: створення Hippodrome, коней 3
2025-08-19 17:42:33.959 DEBUG Horse: створення Horse, ім'я name, швидкість 20.0
2025-08-19 17:42:33.977 DEBUG Horse: створення Horse, ім'я name, швидкість 20.0
2025-08-19 17:42:33.987 DEBUG Horse: створення Horse, ім'я name, швидкість 20.0
2025-08-19 17:42:33.992 DEBUG Horse: створення Horse, ім'я name, швидкість 20.0
2025-08-19 17:42:33.996 DEBUG Horse: створення Horse, ім'я name, швидкість 20.0
2025-08-19 17:42:34.022 ERROR Horse: Name is null
2025-08-19 17:42:34.025 ERROR Horse: Name is blank
2025-08-19 17:42:34.028 ERROR Horse: Name is blank
2025-08-19 17:42:34.031 ERROR Horse: Name is blank
2025-08-19 17:42:34.034 ERROR Horse: Speed is negative
2025-08-19 17:42:34.038 ERROR Horse: Distance is negative
2025-08-19 17:42:34.053 DEBUG Horse: створення Horse, ім'я name, швидкість 2.5
2025-08-19 17:42:34.070 DEBUG Horse: створення Horse, ім'я name, швидкість 2.5
2025-08-19 17:42:34.074 DEBUG Horse: створення Horse, ім'я name, швидкість 2.5
2025-08-19 17:42:34.077 DEBUG Horse: створення Horse, ім'я name, швидкість 2.5
2025-08-19 17:43:24.199 DEBUG Horse: створення Horse, ім'я horse_1, швидкість 20.1
2025-08-19 17:43:24.206 DEBUG Horse: створення Horse, ім'я horse_2, швидкість 20.2
2025-08-19 17:43:24.207 DEBUG Horse: створення Horse, ім'я horse_3, швидкість 20.3
2025-08-19 17:43:24.207 DEBUG Horse: створення Horse, ім'я horse_4, швидкість 20.4
2025-08-19 17:43:24.207 DEBUG Horse: створення Horse, ім'я horse_5, швидкість 20.5
2025-08-19 17:43:24.207 DEBUG Horse: створення Horse, ім'я horse_6, швидкість 20.6
2025-08-19 17:43:24.207 DEBUG Horse: створення Horse, ім'я horse_7, швидкість 20.7
2025-08-19 17:43:24.207 DEBUG Horse: створення Horse, ім'я horse_8, швидкість 20.8
2025-08-19 17:43:24.207 DEBUG Horse: створення Horse, ім'я horse_9, швидкість 20.9
2025-08-19 17:43:24.207 DEBUG Horse: створення Horse, ім'я horse_10, швидкість 21.0
2025-08-19 17:43:24.208 DEBUG Horse: створення Horse, ім'я horse_11, швидкість 21.1
2025-08-19 17:43:24.208 DEBUG Horse: створення Horse, ім'я horse_12, швидкість 21.2
2025-08-19 17:43:24.208 DEBUG Horse: створення Horse, ім'я horse_13, швидкість 21.3
2025-08-19 17:43:24.208 DEBUG Horse: створення Horse, ім'я horse_14, швидкість 21.4
2025-08-19 17:43:24.208 DEBUG Horse: створення Horse, ім'я horse_15, швидкість 21.5
2025-08-19 17:43:24.208 DEBUG Horse: створення Horse, ім'я horse_16, швидкість 21.6
2025-08-19 17:43:24.208 DEBUG Horse: створення Horse, ім'я horse_17, швидкість 21.7
2025-08-19 17:43:24.208 DEBUG Horse: створення Horse, ім'я horse_18, швидкість 21.8
2025-08-19 17:43:24.209 DEBUG Horse: створення Horse, ім'я horse_19, швидкість 21.9
2025-08-19 17:43:24.209 DEBUG Horse: створення Horse, ім'я horse_20, швидкість 22.0
2025-08-19 17:43:24.209 DEBUG Horse: створення Horse, ім'я horse_21, швидкість 22.1
2025-08-19 17:43:24.209 DEBUG Horse: створення Horse, ім'я horse_22, швидкість 22.2
2025-08-19 17:43:24.209 DEBUG Horse: створення Horse, ім'я horse_23, швидкість 22.3
2025-08-19 17:43:24.209 DEBUG Horse: створення Horse, ім'я horse_24, швидкість 22.4
2025-08-19 17:43:24.209 DEBUG Horse: створення Horse, ім'я horse_25, швидкість 22.5
2025-08-19 17:43:24.209 DEBUG Horse: створення Horse, ім'я horse_26, швидкість 22.6
2025-08-19 17:43:24.209 DEBUG Horse: створення Horse, ім'я horse_27, швидкість 22.7
2025-08-19 17:43:24.209 DEBUG Horse: створення Horse, ім'я horse_28, швидкість 22.8
2025-08-19 17:43:24.210 DEBUG Horse: створення Horse, ім'я horse_29, швидкість 22.9
2025-08-19 17:43:24.210 DEBUG Horse: створення Horse, ім'я horse_30, швидкість 23.0
2025-08-19 17:43:24.210 DEBUG Hippodrome: створення Hippodrome, коней 30
2025-08-19 17:43:24.286 ERROR Hippodrome: Horses list is null
2025-08-19 17:43:24.308 ERROR Hippodrome: Horses list is empty
2025-08-19 17:43:25.551 DEBUG Hippodrome: створення Hippodrome, коней 50
2025-08-19 17:43:25.661 DEBUG Horse: створення Horse, ім'я horse_1, швидкість 20.0
2025-08-19 17:43:25.662 DEBUG Horse: створення Horse, ім'я horse_1, швидкість 20.0
2025-08-19 17:43:25.662 DEBUG Horse: створення Horse, ім'я horse_1, швидкість 20.0
2025-08-19 17:43:25.662 DEBUG Hippodrome: створення Hippodrome, коней 3
2025-08-19 17:43:58.303 DEBUG Horse: створення Horse, ім'я horse_1, швидкість 20.1
2025-08-19 17:43:58.306 DEBUG Horse: створення Horse, ім'я horse_2, швидкість 20.2
2025-08-19 17:43:58.306 DEBUG Horse: створення Horse, ім'я horse_3, швидкість 20.3
2025-08-19 17:43:58.307 DEBUG Horse: створення Horse, ім'я horse_4, швидкість 20.4
2025-08-19 17:43:58.307 DEBUG Horse: створення Horse, ім'я horse_5, швидкість 20.5
2025-08-19 17:43:58.307 DEBUG Horse: створення Horse, ім'я horse_6, швидкість 20.6
2025-08-19 17:43:58.307 DEBUG Horse: створення Horse, ім'я horse_7, швидкість 20.7
2025-08-19 17:43:58.307 DEBUG Horse: створення Horse, ім'я horse_8, швидкість 20.8
2025-08-19 17:43:58.307 DEBUG Horse: створення Horse, ім'я horse_9, швидкість 20.9
2025-08-19 17:43:58.307 DEBUG Horse: створення Horse, ім'я horse_10, швидкість 21.0
2025-08-19 17:43:58.307 DEBUG Horse: створення Horse, ім'я horse_11, швидкість 21.1
2025-08-19 17:43:58.307 DEBUG Horse: створення Horse, ім'я horse_12, швидкість 21.2
2025-08-19 17:43:58.308 DEBUG Horse: створення Horse, ім'я horse_13, швидкість 21.3
2025-08-19 17:43:58.308 DEBUG Horse: створення Horse, ім'я horse_14, швидкість 21.4
2025-08-19 17:43:58.308 DEBUG Horse: створення Horse, ім'я horse_15, швидкість 21.5
2025-08-19 17:43:58.308 DEBUG Horse: створення Horse, ім'я horse_16, швидкість 21.6
2025-08-19 17:43:58.308 DEBUG Horse: створення Horse, ім'я horse_17, швидкість 21.7
2025-08-19 17:43:58.308 DEBUG Horse: створення Horse, ім'я horse_18, швидкість 21.8
2025-08-19 17:43:58.308 DEBUG Horse: створення Horse, ім'я horse_19, швидкість 21.9
2025-08-19 17:43:58.308 DEBUG Horse: створення Horse, ім'я horse_20, швидкість 22.0
2025-08-19 17:43:58.308 DEBUG Horse: створення Horse, ім'я horse_21, швидкість 22.1
2025-08-19 17:43:58.309 DEBUG Horse: створення Horse, ім'я horse_22, швидкість 22.2
2025-08-19 17:43:58.309 DEBUG Horse: створення Horse, ім'я horse_23, швидкість 22.3
2025-08-19 17:43:58.309 DEBUG Horse: створення Horse, ім'я horse_24, швидкість 22.4
2025-08-19 17:43:58.309 DEBUG Horse: створення Horse, ім'я horse_25, швидкість 22.5
2025-08-19 17:43:58.309 DEBUG Horse: створення Horse, ім'я horse_26, швидкість 22.6
2025-08-19 17:43:58.309 DEBUG Horse: створення Horse, ім'я horse_27, швидкість 22.7
2025-08-19 17:43:58.309 DEBUG Horse: створення Horse, ім'я horse_28, швидкість 22.8
2025-08-19 17:43:58.309 DEBUG Horse: створення Horse, ім'я horse_29, швидкість 22.9
2025-08-19 17:43:58.309 DEBUG Horse: створення Horse, ім'я horse_30, швидкість 23.0
2025-08-19 17:43:58.310 DEBUG Hippodrome: створення Hippodrome, коней 30
2025-08-19 17:43:58.379 ERROR Hippodrome: Horses list is null
2025-08-19 17:43:58.404 ERROR Hippodrome: Horses list is empty
2025-08-19 17:43:59.415 DEBUG Hippodrome: створення Hippodrome, коней 50
2025-08-19 17:43:59.533 DEBUG Horse: створення Horse, ім'я horse_1, швидкість 20.0
2025-08-19 17:43:59.533 DEBUG Horse: створення Horse, ім'я horse_1, швидкість 20.0
2025-08-19 17:43:59.533 DEBUG Horse: створення Horse, ім'я horse_1, швидкість 20.0
2025-08-19 17:43:59.533 DEBUG Hippodrome: створення Hippodrome, коней 3
2025-08-19 17:46:37.379 DEBUG Horse: створення Horse, ім'я horse_1, швидкість 20.1
2025-08-19 17:46:37.382 DEBUG Horse: створення Horse, ім'я horse_2, швидкість 20.2
2025-08-19 17:46:37.382 DEBUG Horse: створення Horse, ім'я horse_3, швидкість 20.3
2025-08-19 17:46:37.382 DEBUG Horse: створення Horse, ім'я horse_4, швидкість 20.4
2025-08-19 17:46:37.383 DEBUG Horse: створення Horse, ім'я horse_5, швидкість 20.5
2025-08-19 17:46:37.383 DEBUG Horse: створення Horse, ім'я horse_6, швидкість 20.6
2025-08-19 17:46:37.383 DEBUG Horse: створення Horse, ім'я horse_7, швидкість 20.7
2025-08-19 17:46:37.383 DEBUG Horse: створення Horse, ім'я horse_8, швидкість 20.8
2025-08-19 17:46:37.383 DEBUG Horse: створення Horse, ім'я horse_9, швидкість 20.9
2025-08-19 17:46:37.383 DEBUG Horse: створення Horse, ім'я horse_10, швидкість 21.0
2025-08-19 17:46:37.384 DEBUG Horse: створення Horse, ім'я horse_11, швидкість 21.1
2025-08-19 17:46:37.384 DEBUG Horse: створення Horse, ім'я horse_12, швидкість 21.2
2025-08-19 17:46:37.384 DEBUG Horse: створення Horse, ім'я horse_13, швидкість 21.3
2025-08-19 17:46:37.384 DEBUG Horse: створення Horse, ім'я horse_14, швидкість 21.4
2025-08-19 17:46:37.384 DEBUG Horse: створення Horse, ім'я horse_15, швидкість 21.5
2025-08-19 17:46:37.384 DEBUG Horse: створення Horse, ім'я horse_16, швидкість 21.6
2025-08-19 17:46:37.384 DEBUG Horse: створення Horse, ім'я horse_17, швидкість 21.7
2025-08-19 17:46:37.384 DEBUG Horse: створення Horse, ім'я horse_18, швидкість 21.8
2025-08-19 17:46:37.384 DEBUG Horse: створення Horse, ім'я horse_19, швидкість 21.9
2025-08-19 17:46:37.384 DEBUG Horse: створення Horse, ім'я horse_20, швидкість 22.0
2025-08-19 17:46:37.385 DEBUG Horse: створення Horse, ім'я horse_21, швидкість 22.1
2025-08-19 17:46:37.385 DEBUG Horse: створення Horse, ім'я horse_22, швидкість 22.2
2025-08-19 17:46:37.385 DEBUG Horse: створення Horse, ім'я horse_23, швидкість 22.3
2025-08-19 17:46:37.385 DEBUG Horse: створення Horse, ім'я horse_24, швидкість 22.4
2025-08-19 17:46:37.385 DEBUG Horse: створення Horse, ім'я horse_25, швидкість 22.5
2025-08-19 17:46:37.385 DEBUG Horse: створення Horse, ім'я horse_26, швидкість 22.6
2025-08-19 17:46:37.385 DEBUG Horse: створення Horse, ім'я horse_27, швидкість 22.7
2025-08-19 17:46:37.386 DEBUG Horse: створення Horse, ім'я horse_28, швидкість 22.8
2025-08-19 17:46:37.386 DEBUG Horse: створення Horse, ім'я horse_29, швидкість 22.9
2025-08-19 17:46:37.386 DEBUG Horse: створення Horse, ім'я horse_30, швидкість 23.0
2025-08-19 17:46:37.386 DEBUG Hippodrome: створення Hippodrome, коней 30
2025-08-19 17:46:37.467 ERROR Hippodrome: Horses list is null
2025-08-19 17:46:37.485 ERROR Hippodrome: Horses list is empty
2025-08-19 17:46:38.418 DEBUG Horse: створення Horse, ім'я horse_1, швидкість 20.0
2025-08-19 17:46:38.418 DEBUG Horse: створення Horse, ім'я horse_1, швидкість 20.0
2025-08-19 17:46:38.418 DEBUG Horse: створення Horse, ім'я horse_1, швидкість 20.0
2025-08-19 17:46:38.419 DEBUG Hippodrome: створення Hippodrome, коней 3
2025-08-19 17:47:10.379 DEBUG Horse: створення Horse, ім'я horse_1, швидкість 20.1
2025-08-19 17:47:10.383 DEBUG Horse: створення Horse, ім'я horse_2, швидкість 20.2
2025-08-19 17:47:10.383 DEBUG Horse: створення Horse, ім'я horse_3, швидкість 20.3
2025-08-19 17:47:10.383 DEBUG Horse: створення Horse, ім'я horse_4, швидкість 20.4
2025-08-19 17:47:10.383 DEBUG Horse: створення Horse, ім'я horse_5, швидкість 20.5
2025-08-19 17:47:10.383 DEBUG Horse: створення Horse, ім'я horse_6, швидкість 20.6
2025-08-19 17:47:10.383 DEBUG Horse: створення Horse, ім'я horse_7, швидкість 20.7
2025-08-19 17:47:10.384 DEBUG Horse: створення Horse, ім'я horse_8, швидкість 20.8
2025-08-19 17:47:10.384 DEBUG Horse: створення Horse, ім'я horse_9, швидкість 20.9
2025-08-19 17:47:10.384 DEBUG Horse: створення Horse, ім'я horse_10, швидкість 21.0
2025-08-19 17:47:10.384 DEBUG Horse: створення Horse, ім'я horse_11, швидкість 21.1
2025-08-19 17:47:10.384 DEBUG Horse: створення Horse, ім'я horse_12, швидкість 21.2
2025-08-19 17:47:10.384 DEBUG Horse: створення Horse, ім'я horse_13, швидкість 21.3
2025-08-19 17:47:10.384 DEBUG Horse: створення Horse, ім'я horse_14, швидкість 21.4
2025-08-19 17:47:10.384 DEBUG Horse: створення Horse, ім'я horse_15, швидкість 21.5
2025-08-19 17:47:10.384 DEBUG Horse: створення Horse, ім'я horse_16, швидкість 21.6
2025-08-19 17:47:10.385 DEBUG Horse: створення Horse, ім'я horse_17, швидкість 21.7
2025-08-19 17:47:10.385 DEBUG Horse: створення Horse, ім'я horse_18, швидкість 21.8
2025-08-19 17:47:10.385 DEBUG Horse: створення Horse, ім'я horse_19, швидкість 21.9
2025-08-19 17:47:10.385 DEBUG Horse: створення Horse, ім'я horse_20, швидкість 22.0
2025-08-19 17:47:10.385 DEBUG Horse: створення Horse, ім'я horse_21, швидкість 22.1
2025-08-19 17:47:10.385 DEBUG Horse: створення Horse, ім'я horse_22, швидкість 22.2
2025-08-19 17:47:10.385 DEBUG Horse: створення Horse, ім'я horse_23, швидкість 22.3
2025-08-19 17:47:10.385 DEBUG Horse: створення Horse, ім'я horse_24, швидкість 22.4
2025-08-19 17:47:10.385 DEBUG Horse: створення Horse, ім'я horse_25, швидкість 22.5
2025-08-19 17:47:10.385 DEBUG Horse: створення Horse, ім'я horse_26, швидкість 22.6
2025-08-19 17:47:10.385 DEBUG Horse: створення Horse, ім'я horse_27, швидкість 22.7
2025-08-19 17:47:10.385 DEBUG Horse: створення Horse, ім'я horse_28, швидкість 22.8
2025-08-19 17:47:10.386 DEBUG Horse: створення Horse, ім'я horse_29, швидкість 22.9
2025-08-19 17:47:10.386 DEBUG Horse: створення Horse, ім'я horse_30, швидкість 23.0
2025-08-19 17:47:10.386 DEBUG Hippodrome: створення Hippodrome, коней 30
2025-08-19 17:47:10.452 ERROR Hippodrome: Horses list is null
2025-08-19 17:47:10.476 ERROR Hippodrome: Horses list is empty
2025-08-19 17:47:11.474 DEBUG Hippodrome: створення Hippodrome, коней 50
2025-08-19 17:47:11.569 DEBUG Horse: створення Horse, ім'я horse_1, швидкість 20.0
2025-08-19 17:47:11.569 DEBUG Horse: створення Horse, ім'я horse_1, швидкість 20.0
2025-08-19 17:47:11.569 DEBUG Horse: створення Horse, ім'я horse_1, швидкість 20.0
2025-08-19 17:47:11.570 DEBUG Hippodrome: створення Hippodrome, коней 3
2025-08-19 17:47:32.094 DEBUG Horse: створення Horse, ім'я horse_1, швидкість 20.1
2025-08-19 17:47:32.096 DEBUG Horse: створення Horse, ім'я horse_2, швидкість 20.2
2025-08-19 17:47:32.097 DEBUG Horse: створення Horse, ім'я horse_3, швидкість 20.3
2025-08-19 17:47:32.097 DEBUG Horse: створення Horse, ім'я horse_4, швидкість 20.4
2025-08-19 17:47:32.097 DEBUG Horse: створення Horse, ім'я horse_5, швидкість 20.5
2025-08-19 17:47:32.098 DEBUG Horse: створення Horse, ім'я horse_6, швидкість 20.6
2025-08-19 17:47:32.098 DEBUG Horse: створення Horse, ім'я horse_7, швидкість 20.7
2025-08-19 17:47:32.098 DEBUG Horse: створення Horse, ім'я horse_8, швидкість 20.8
2025-08-19 17:47:32.098 DEBUG Horse: створення Horse, ім'я horse_9, швидкість 20.9
2025-08-19 17:47:32.098 DEBUG Horse: створення Horse, ім'я horse_10, швидкість 21.0
2025-08-19 17:47:32.098 DEBUG Horse: створення Horse, ім'я horse_11, швидкість 21.1
2025-08-19 17:47:32.098 DEBUG Horse: створення Horse, ім'я horse_12, швидкість 21.2
2025-08-19 17:47:32.098 DEBUG Horse: створення Horse, ім'я horse_13, швидкість 21.3
2025-08-19 17:47:32.099 DEBUG Horse: створення Horse, ім'я horse_14, швидкість 21.4
2025-08-19 17:47:32.099 DEBUG Horse: створення Horse, ім'я horse_15, швидкість 21.5
2025-08-19 17:47:32.099 DEBUG Horse: створення Horse, ім'я horse_16, швидкість 21.6
2025-08-19 17:47:32.099 DEBUG Horse: створення Horse, ім'я horse_17, швидкість 21.7
2025-08-19 17:47:32.099 DEBUG Horse: створення Horse, ім'я horse_18, швидкість 21.8
2025-08-19 17:47:32.099 DEBUG Horse: створення Horse, ім'я horse_19, швидкість 21.9
2025-08-19 17:47:32.099 DEBUG Horse: створення Horse, ім'я horse_20, швидкість 22.0
2025-08-19 17:47:32.099 DEBUG Horse: створення Horse, ім'я horse_21, швидкість 22.1
2025-08-19 17:47:32.100 DEBUG Horse: створення Horse, ім'я horse_22, швидкість 22.2
2025-08-19 17:47:32.100 DEBUG Horse: створення Horse, ім'я horse_23, швидкість 22.3
2025-08-19 17:47:32.100 DEBUG Horse: створення Horse, ім'я horse_24, швидкість 22.4
2025-08-19 17:47:32.100 DEBUG Horse: створення Horse, ім'я horse_25, швидкість 22.5
2025-08-19 17:47:32.100 DEBUG Horse: створення Horse, ім'я horse_26, швидкість 22.6
2025-08-19 17:47:32.100 DEBUG Horse: створення Horse, ім'я horse_27, швидкість 22.7
2025-08-19 17:47:32.100 DEBUG Horse: створення Horse, ім'я horse_28, швидкість 22.8
2025-08-19 17:47:32.100 DEBUG Horse: створення Horse, ім'я horse_29, швидкість 22.9
2025-08-19 17:47:32.101 DEBUG Horse: створення Horse, ім'я horse_30, швидкість 23.0
2025-08-19 17:47:32.101 DEBUG Hippodrome: створення Hippodrome, коней 30
2025-08-19 17:47:32.197 ERROR Hippodrome: Horses list is null
2025-08-19 17:47:32.211 ERROR Hippodrome: Horses list is empty
2025-08-19 17:47:33.239 DEBUG Hippodrome: створення Hippodrome, коней 50
2025-08-19 17:47:33.362 DEBUG Horse: створення Horse, ім'я horse_1, швидкість 20.0
2025-08-19 17:47:33.363 DEBUG Horse: створення Horse, ім'я horse_1, швидкість 20.0
2025-08-19 17:47:33.363 DEBUG Horse: створення Horse, ім'я horse_1, швидкість 20.0
2025-08-19 17:47:33.363 DEBUG Hippodrome: створення Hippodrome, коней 3
2025-08-19 17:47:33.396 DEBUG Horse: створення Horse, ім'я name, швидкість 20.0
2025-08-19 17:47:33.407 DEBUG Horse: створення Horse, ім'я name, швидкість 20.0
2025-08-19 17:47:33.411 DEBUG Horse: створення Horse, ім'я name, швидкість 20.0
2025-08-19 17:47:33.414 DEBUG Horse: створення Horse, ім'я name, швидкість 20.0
2025-08-19 17:47:33.419 DEBUG Horse: створення Horse, ім'я name, швидкість 20.0
2025-08-19 17:47:33.438 ERROR Horse: Name is null
2025-08-19 17:47:33.441 ERROR Horse: Name is blank
2025-08-19 17:47:33.444 ERROR Horse: Name is blank
2025-08-19 17:47:33.447 ERROR Horse: Name is blank
2025-08-19 17:47:33.450 ERROR Horse: Speed is negative
2025-08-19 17:47:33.453 ERROR Horse: Distance is negative
2025-08-19 17:47:33.464 DEBUG Horse: створення Horse, ім'я name, швидкість 2.5
2025-08-19 17:47:33.476 DEBUG Horse: створення Horse, ім'я name, швидкість 2.5
2025-08-19 17:47:33.480 DEBUG Horse: створення Horse, ім'я name, швидкість 2.5
2025-08-19 17:47:33.482 DEBUG Horse: створення Horse, ім'я name, швидкість 2.5
2025-08-19 17:52:32.669 DEBUG Hippodrome: створення Hippodrome, коней 50
2025-08-19 17:55:40.018 DEBUG Hippodrome: створення Hippodrome, коней 50
2025-08-19 18:53:18.469 DEBUG Horse: створення Horse, ім'я Bucephalus, швидкість 2.4
2025-08-19 18:53:18.471 DEBUG Horse: створення Horse, ім'я Ace of Spades, швидкість 2.5
2025-08-19 18:53:18.471 DEBUG Horse: створення Horse, ім'я Zephyr, швидкість 2.6
2025-08-19 18:53:18.472 DEBUG Horse: створення Horse, ім'я Blaze, швидкість 2.7
2025-08-19 18:53:18.472 DEBUG Horse: створення Horse, ім'я Lobster, швидкість 2.8
2025-08-19 18:53:18.472 DEBUG Horse: створення Horse, ім'я Pegasus, швидкість 2.9
2025-08-19 18:53:18.472 DEBUG Horse: створення Horse, ім'я Cherry, швидкість 3.0
2025-08-19 18:53:18.473 DEBUG Hippodrome: створення Hippodrome, коней 7
2025-08-19 18:53:18.473 INFO  Main: Початок стрибків. Кількість учасників: 7
2025-08-19 18:53:39.448 INFO  Main: Закінчення стрибків. Переможець: Pegasus
2025-08-19 18:54:04.256 DEBUG Horse: створення Horse, ім'я Bucephalus, швидкість 2.4
2025-08-19 18:54:04.258 DEBUG Horse: створення Horse, ім'я Ace of Spades, швидкість 2.5
2025-08-19 18:54:04.258 DEBUG Horse: створення Horse, ім'я Zephyr, швидкість 2.6
2025-08-19 18:54:04.258 DEBUG Horse: створення Horse, ім'я Blaze, швидкість 2.7
2025-08-19 18:54:04.258 DEBUG Horse: створення Horse, ім'я Lobster, швидкість 2.8
2025-08-19 18:54:04.258 DEBUG Horse: створення Horse, ім'я Pegasus, швидкість 2.9
2025-08-19 18:54:04.258 DEBUG Horse: створення Horse, ім'я Cherry, швидкість 3.0
2025-08-19 18:54:04.259 DEBUG Hippodrome: створення Hippodrome, коней 7
2025-08-19 18:54:04.259 INFO  Main: Початок стрибків. Кількість учасників: 7
2025-08-19 18:55:10.177 DEBUG Horse: створення Horse, ім'я Bucephalus, швидкість 2.4
2025-08-19 18:55:10.179 DEBUG Horse: створення Horse, ім'я Ace of Spades, швидкість 2.5
2025-08-19 18:55:10.179 DEBUG Horse: створення Horse, ім'я Zephyr, швидкість 2.6
2025-08-19 18:55:10.179 DEBUG Horse: створення Horse, ім'я Blaze, швидкість 2.7
2025-08-19 18:55:10.179 DEBUG Horse: створення Horse, ім'я Lobster, швидкість 2.8
2025-08-19 18:55:10.179 DEBUG Horse: створення Horse, ім'я Pegasus, швидкість 2.9
2025-08-19 18:55:10.179 DEBUG Horse: створення Horse, ім'я Cherry, швидкість 3.0
2025-08-19 18:55:10.180 DEBUG Hippodrome: створення Hippodrome, коней 7
2025-08-19 18:55:10.180 INFO  Main: Початок стрибків. Кількість учасників: 7
2025-08-19 18:55:31.170 INFO  Main: Закінчення стрибків. Переможець: Pegasus
